Flow report for Project_4063_Digital_Filter
Wed May 28 03:21:36 2025
Quartus Prime Version 18.0.0 Build 614 04/24/2018 SJ Lite Edition


---------------------
; Table of Contents ;
---------------------
  1. Legal Notice
  2. Flow Summary
  3. Flow Settings
  4. Flow Non-Default Global Settings
  5. Flow Elapsed Time
  6. Flow OS Summary
  7. Flow Log
  8. Flow Messages
  9. Flow Suppressed Messages



----------------
; Legal Notice ;
----------------
Copyright (C) 2018  Intel Corporation. All rights reserved.
Your use of Intel Corporation's design tools, logic functions 
and other software and tools, and its AMPP partner logic 
functions, and any output files from any of the foregoing 
(including device programming or simulation files), and any 
associated documentation or information are expressly subject 
to the terms and conditions of the Intel Program License 
Subscription Agreement, the Intel Quartus Prime License Agreement,
the Intel FPGA IP License Agreement, or other applicable license
agreement, including, without limitation, that your use is for
the sole purpose of programming logic devices manufactured by
Intel and sold by Intel or its authorized distributors.  Please
refer to the applicable agreement for further details.



+----------------------------------------------------------------------------------+
; Flow Summary                                                                     ;
+------------------------------------+---------------------------------------------+
; Flow Status                        ; Successful - Wed May 28 03:21:32 2025       ;
; Quartus Prime Version              ; 18.0.0 Build 614 04/24/2018 SJ Lite Edition ;
; Revision Name                      ; Project_4063_Digital_Filter                 ;
; Top-level Entity Name              ; Project_4063_Digital_Filter                 ;
; Family                             ; MAX 10                                      ;
; Device                             ; 10M50DAF484C7G                              ;
; Timing Models                      ; Final                                       ;
; Total logic elements               ; 1 / 49,760 ( < 1 % )                        ;
;     Total combinational functions  ; 1 / 49,760 ( < 1 % )                        ;
;     Dedicated logic registers      ; 0 / 49,760 ( 0 % )                          ;
; Total registers                    ; 0                                           ;
; Total pins                         ; 7 / 360 ( 2 % )                             ;
; Total virtual pins                 ; 0                                           ;
; Total memory bits                  ; 0 / 1,677,312 ( 0 % )                       ;
; Embedded Multiplier 9-bit elements ; 0 / 288 ( 0 % )                             ;
; Total PLLs                         ; 0 / 4 ( 0 % )                               ;
; UFM blocks                         ; 0 / 1 ( 0 % )                               ;
; ADC blocks                         ; 0 / 2 ( 0 % )                               ;
+------------------------------------+---------------------------------------------+


+-------------------------------------------------+
; Flow Settings                                   ;
+-------------------+-----------------------------+
; Option            ; Setting                     ;
+-------------------+-----------------------------+
; Start date & time ; 05/28/2025 03:21:01         ;
; Main task         ; Compilation                 ;
; Revision Name     ; Project_4063_Digital_Filter ;
+-------------------+-----------------------------+


+---------------------------------------------------------------------------------------------------------------------------+
; Flow Non-Default Global Settings                                                                                          ;
+-------------------------------------+------------------------------------------+---------------+-------------+------------+
; Assignment Name                     ; Value                                    ; Default Value ; Entity Name ; Section Id ;
+-------------------------------------+------------------------------------------+---------------+-------------+------------+
; COMPILER_SIGNATURE_ID               ; 105852881090641.174837366122696          ; --            ; --          ; --         ;
; IP_SEARCH_PATHS                     ; e:\documents alt\ece4063\project\quartus ; --            ; --          ; --         ;
; MAX_CORE_JUNCTION_TEMP              ; 85                                       ; --            ; --          ; --         ;
; MIN_CORE_JUNCTION_TEMP              ; 0                                        ; --            ; --          ; --         ;
; MISC_FILE                           ; pll_clk.bsf                              ; --            ; --          ; --         ;
; MISC_FILE                           ; pll_clk.cmp                              ; --            ; --          ; --         ;
; MISC_FILE                           ; pll_clk.ppf                              ; --            ; --          ; --         ;
; PARTITION_COLOR                     ; -- (Not supported for targeted family)   ; --            ; --          ; Top        ;
; PARTITION_FITTER_PRESERVATION_LEVEL ; -- (Not supported for targeted family)   ; --            ; --          ; Top        ;
; PARTITION_NETLIST_TYPE              ; -- (Not supported for targeted family)   ; --            ; --          ; Top        ;
; POWER_BOARD_THERMAL_MODEL           ; None (CONSERVATIVE)                      ; --            ; --          ; --         ;
; POWER_PRESET_COOLING_SOLUTION       ; 23 MM HEAT SINK WITH 200 LFPM AIRFLOW    ; --            ; --          ; --         ;
; PROJECT_OUTPUT_DIRECTORY            ; output_files                             ; --            ; --          ; --         ;
+-------------------------------------+------------------------------------------+---------------+-------------+------------+


+--------------------------------------------------------------------------------------------------------------------------+
; Flow Elapsed Time                                                                                                        ;
+----------------------+--------------+-------------------------+---------------------+------------------------------------+
; Module Name          ; Elapsed Time ; Average Processors Used ; Peak Virtual Memory ; Total CPU Time (on all processors) ;
+----------------------+--------------+-------------------------+---------------------+------------------------------------+
; Analysis & Synthesis ; 00:00:18     ; 1.0                     ; 5093 MB             ; 00:00:28                           ;
; Fitter               ; 00:00:07     ; 1.0                     ; 5624 MB             ; 00:00:08                           ;
; Assembler            ; 00:00:04     ; 1.0                     ; 4679 MB             ; 00:00:03                           ;
; Timing Analyzer      ; 00:00:03     ; 1.0                     ; 4815 MB             ; 00:00:02                           ;
; Total                ; 00:00:32     ; --                      ; --                  ; 00:00:41                           ;
+----------------------+--------------+-------------------------+---------------------+------------------------------------+


+------------------------------------------------------------------------------------+
; Flow OS Summary                                                                    ;
+----------------------+------------------+------------+------------+----------------+
; Module Name          ; Machine Hostname ; OS Name    ; OS Version ; Processor type ;
+----------------------+------------------+------------+------------+----------------+
; Analysis & Synthesis ; DMK1             ; Windows 10 ; 10.0       ; x86_64         ;
; Fitter               ; DMK1             ; Windows 10 ; 10.0       ; x86_64         ;
; Assembler            ; DMK1             ; Windows 10 ; 10.0       ; x86_64         ;
; Timing Analyzer      ; DMK1             ; Windows 10 ; 10.0       ; x86_64         ;
+----------------------+------------------+------------+------------+----------------+


------------
; Flow Log ;
------------
quartus_map --read_settings_files=on --write_settings_files=off Project_4063_Digital_Filter -c Project_4063_Digital_Filter
quartus_fit --read_settings_files=off --write_settings_files=off Project_4063_Digital_Filter -c Project_4063_Digital_Filter
quartus_asm --read_settings_files=off --write_settings_files=off Project_4063_Digital_Filter -c Project_4063_Digital_Filter
quartus_sta Project_4063_Digital_Filter -c Project_4063_Digital_Filter



